
> news-dashboard@0.1.0 start
> react-scripts start

[34mℹ[39m [90m｢wds｣[39m: Project is running at http://192.168.50.41/
[34mℹ[39m [90m｢wds｣[39m: webpack output is served from 
[34mℹ[39m [90m｢wds｣[39m: Content not from webpack is served from /Users/surov/Documents/news_platform/news-dashboard/public
[34mℹ[39m [90m｢wds｣[39m: 404s will fallback to /
Starting the development server...

Compiled successfully!

You can now view news-dashboard in the browser.

  Local:            http://localhost:3000
  On Your Network:  http://192.168.50.41:3000

Note that the development build is not optimized.
To create a production build, use npm run build.

Compiling...
Compiled successfully!
Compiling...
Compiled successfully!
Compiling...
Compiled successfully!
Compiling...
Compiled successfully!
Compiling...
Compiled successfully!
